Command: /home/users7/rk366163/526L/Lab3/./simv -l Log3_2.log
Chronologic VCS simulator copyright 1991-2023
Contains Synopsys proprietary information.
Compiler version U-2023.03-SP1_Full64; Runtime version U-2023.03-SP1_Full64;  Mar 27 19:25 2024
VCD+ Writer U-2023.03-SP1_Full64 Copyright (c) 1991-2023 by Synopsys Inc.
                   0: in1 = x, in2 = x, a1 = x, a2 = x, nt = x ! out = x
                  15: in1 = 0, in2 = 0, a1 = x, a2 = x, nt = x ! out = x
                  17: in1 = 0, in2 = 0, a1 = 1, a2 = x, nt = x ! out = x
                  18: in1 = 0, in2 = 0, a1 = 1, a2 = 0, nt = 0 ! out = x
                  27: in1 = 0, in2 = 0, a1 = 1, a2 = 0, nt = 0 ! out = 1
                  30: in1 = 0, in2 = 1, a1 = 1, a2 = 0, nt = 0 ! out = 1
                  45: in1 = 1, in2 = 0, a1 = 1, a2 = 0, nt = 0 ! out = 1
                  47: in1 = 1, in2 = 0, a1 = 0, a2 = 0, nt = 0 ! out = 1
                  60: in1 = 1, in2 = 1, a1 = 0, a2 = 0, nt = 0 ! out = 1
                  63: in1 = 1, in2 = 1, a1 = 0, a2 = 1, nt = 0 ! out = 1
$finish called from file "lab_3_2_tb.v", line 24.
$finish at simulation time                  750
           V C S   S i m u l a t i o n   R e p o r t 
Time: 75000 ps
CPU Time:      0.190 seconds;       Data structure size:   0.0Mb
Wed Mar 27 19:25:19 2024
